# JRE version: OpenJDK Runtime Environment (8.0_76-b03) (build 1.8.0_76-release-b03)
# Java VM: OpenJDK 64-Bit Server VM (25.76-b03 mixed mode windows-amd64 compressed oops)
Heap:
 PSYoungGen      total 294400K, used 149265K [0x00000000e0000000, 0x00000000f4580000, 0x0000000100000000)
  eden space 261120K, 57% used [0x00000000e0000000,0x00000000e91c4758,0x00000000eff00000)
  from space 33280K, 0% used [0x00000000f2000000,0x00000000f2000000,0x00000000f4080000)
  to   space 33792K, 90% used [0x00000000eff00000,0x00000000f1cca080,0x00000000f2000000)
 ParOldGen       total 86528K, used 36986K [0x00000000a0000000, 0x00000000a5480000, 0x00000000e0000000)
  object space 86528K, 42% used [0x00000000a0000000,0x00000000a241e830,0x00000000a5480000)
 Metaspace       used 64596K, capacity 66272K, committed 66352K, reserved 1112064K
  class space    used 8273K, capacity 8681K, committed 8752K, reserved 1048576K
GC Heap History (10 events):
Event: 6.292 GC heap after
Heap after GC invocations=11 (full 2):
 PSYoungGen      total 166400K, used 11770K [0x00000000e0000000, 0x00000000ee280000, 0x0000000100000000)
  eden space 154624K, 0% used [0x00000000e0000000,0x00000000e0000000,0x00000000e9700000)
  from space 11776K, 99% used [0x00000000e9700000,0x00000000ea27eaa8,0x00000000ea280000)
  to   space 13312K, 0% used [0x00000000ed580000,0x00000000ed580000,0x00000000ee280000)
 ParOldGen       total 86528K, used 15894K [0x00000000a0000000, 0x00000000a5480000, 0x00000000e0000000)
  object space 86528K, 18% used [0x00000000a0000000,0x00000000a0f859d8,0x00000000a5480000)
 Metaspace       used 42524K, capacity 43280K, committed 43568K, reserved 1087488K
  class space    used 5645K, capacity 5826K, committed 5936K, reserved 1048576K
}
Event: 7.917 GC heap before
{Heap before GC invocations=12 (full 2):
 PSYoungGen      total 166400K, used 166394K [0x00000000e0000000, 0x00000000ee280000, 0x0000000100000000)
  eden space 154624K, 100% used [0x00000000e0000000,0x00000000e9700000,0x00000000e9700000)
  from space 11776K, 99% used [0x00000000e9700000,0x00000000ea27eaa8,0x00000000ea280000)
  to   space 13312K, 0% used [0x00000000ed580000,0x00000000ed580000,0x00000000ee280000)
 ParOldGen       total 86528K, used 15894K [0x00000000a0000000, 0x00000000a5480000, 0x00000000e0000000)
  object space 86528K, 18% used [0x00000000a0000000,0x00000000a0f859d8,0x00000000a5480000)
 Metaspace       used 48644K, capacity 49904K, committed 50096K, reserved 1093632K
  class space    used 6477K, capacity 6749K, committed 6832K, reserved 1048576K
Event: 7.935 GC heap after
Heap after GC invocations=12 (full 2):
 PSYoungGen      total 214016K, used 13308K [0x00000000e0000000, 0x00000000ee800000, 0x0000000100000000)
  eden space 200704K, 0% used [0x00000000e0000000,0x00000000e0000000,0x00000000ec400000)
  from space 13312K, 99% used [0x00000000ed580000,0x00000000ee27f358,0x00000000ee280000)
  to   space 17920K, 0% used [0x00000000ec400000,0x00000000ec400000,0x00000000ed580000)
 ParOldGen       total 86528K, used 24008K [0x00000000a0000000, 0x00000000a5480000, 0x00000000e0000000)
  object space 86528K, 27% used [0x00000000a0000000,0x00000000a17722f0,0x00000000a5480000)
 Metaspace       used 48644K, capacity 49904K, committed 50096K, reserved 1093632K
  class space    used 6477K, capacity 6749K, committed 6832K, reserved 1048576K
}
Event: 11.551 GC heap before
{Heap before GC invocations=13 (full 2):
 PSYoungGen      total 214016K, used 214012K [0x00000000e0000000, 0x00000000ee800000, 0x0000000100000000)
  eden space 200704K, 100% used [0x00000000e0000000,0x00000000ec400000,0x00000000ec400000)
  from space 13312K, 99% used [0x00000000ed580000,0x00000000ee27f358,0x00000000ee280000)
  to   space 17920K, 0% used [0x00000000ec400000,0x00000000ec400000,0x00000000ed580000)
 ParOldGen       total 86528K, used 24008K [0x00000000a0000000, 0x00000000a5480000, 0x00000000e0000000)
  object space 86528K, 27% used [0x00000000a0000000,0x00000000a17722f0,0x00000000a5480000)
 Metaspace       used 57243K, capacity 58664K, committed 58800K, reserved 1099776K
  class space    used 7490K, capacity 7803K, committed 7856K, reserved 1048576K
Event: 11.638 GC heap after
Heap after GC invocations=13 (full 2):
 PSYoungGen      total 218624K, used 17915K [0x00000000e0000000, 0x00000000f4080000, 0x0000000100000000)
  eden space 200704K, 0% used [0x00000000e0000000,0x00000000e0000000,0x00000000ec400000)
  from space 17920K, 99% used [0x00000000ec400000,0x00000000ed57ec00,0x00000000ed580000)
  to   space 33280K, 0% used [0x00000000f2000000,0x00000000f2000000,0x00000000f4080000)
 ParOldGen       total 86528K, used 59793K [0x00000000a0000000, 0x00000000a5480000, 0x00000000e0000000)
  object space 86528K, 69% used [0x00000000a0000000,0x00000000a3a64630,0x00000000a5480000)
 Metaspace       used 57243K, capacity 58664K, committed 58800K, reserved 1099776K
  class space    used 7490K, capacity 7803K, committed 7856K, reserved 1048576K
}
Event: 12.084 GC heap before
{Heap before GC invocations=14 (full 2):
 PSYoungGen      total 218624K, used 39213K [0x00000000e0000000, 0x00000000f4080000, 0x0000000100000000)
  eden space 200704K, 10% used [0x00000000e0000000,0x00000000e14ccbe0,0x00000000ec400000)
  from space 17920K, 99% used [0x00000000ec400000,0x00000000ed57ec00,0x00000000ed580000)
  to   space 33280K, 0% used [0x00000000f2000000,0x00000000f2000000,0x00000000f4080000)
 ParOldGen       total 86528K, used 59793K [0x00000000a0000000, 0x00000000a5480000, 0x00000000e0000000)
  object space 86528K, 69% used [0x00000000a0000000,0x00000000a3a64630,0x00000000a5480000)
 Metaspace       used 57727K, capacity 59104K, committed 59160K, reserved 1101824K
  class space    used 7504K, capacity 7839K, committed 7856K, reserved 1048576K
Event: 12.101 GC heap after
Heap after GC invocations=14 (full 2):
 PSYoungGen      total 294400K, used 1216K [0x00000000e0000000, 0x00000000f4580000, 0x0000000100000000)
  eden space 261120K, 0% used [0x00000000e0000000,0x00000000e0000000,0x00000000eff00000)
  from space 33280K, 3% used [0x00000000f2000000,0x00000000f2130000,0x00000000f4080000)
  to   space 33792K, 0% used [0x00000000eff00000,0x00000000eff00000,0x00000000f2000000)
 ParOldGen       total 86528K, used 75416K [0x00000000a0000000, 0x00000000a5480000, 0x00000000e0000000)
  object space 86528K, 87% used [0x00000000a0000000,0x00000000a49a63c8,0x00000000a5480000)
 Metaspace       used 57727K, capacity 59104K, committed 59160K, reserved 1101824K
  class space    used 7504K, capacity 7839K, committed 7856K, reserved 1048576K
}
Event: 12.101 GC heap before
{Heap before GC invocations=15 (full 3):
 PSYoungGen      total 294400K, used 1216K [0x00000000e0000000, 0x00000000f4580000, 0x0000000100000000)
  eden space 261120K, 0% used [0x00000000e0000000,0x00000000e0000000,0x00000000eff00000)
  from space 33280K, 3% used [0x00000000f2000000,0x00000000f2130000,0x00000000f4080000)
  to   space 33792K, 0% used [0x00000000eff00000,0x00000000eff00000,0x00000000f2000000)
 ParOldGen       total 86528K, used 75416K [0x00000000a0000000, 0x00000000a5480000, 0x00000000e0000000)
  object space 86528K, 87% used [0x00000000a0000000,0x00000000a49a63c8,0x00000000a5480000)
 Metaspace       used 57727K, capacity 59104K, committed 59160K, reserved 1101824K
  class space    used 7504K, capacity 7839K, committed 7856K, reserved 1048576K
Event: 12.364 GC heap after
Heap after GC invocations=15 (full 3):
 PSYoungGen      total 294400K, used 0K [0x00000000e0000000, 0x00000000f4580000, 0x0000000100000000)
  eden space 261120K, 0% used [0x00000000e0000000,0x00000000e0000000,0x00000000eff00000)
  from space 33280K, 0% used [0x00000000f2000000,0x00000000f2000000,0x00000000f4080000)
  to   space 33792K, 0% used [0x00000000eff00000,0x00000000eff00000,0x00000000f2000000)
 ParOldGen       total 86528K, used 36970K [0x00000000a0000000, 0x00000000a5480000, 0x00000000e0000000)
  object space 86528K, 42% used [0x00000000a0000000,0x00000000a241a830,0x00000000a5480000)
 Metaspace       used 56879K, capacity 58210K, committed 59160K, reserved 1101824K
  class space    used 7415K, capacity 7734K, committed 7856K, reserved 1048576K
}
Event: 14.412 GC heap before
{Heap before GC invocations=16 (full 3):
 PSYoungGen      total 294400K, used 149265K [0x00000000e0000000, 0x00000000f4580000, 0x0000000100000000)
  eden space 261120K, 57% used [0x00000000e0000000,0x00000000e91c4758,0x00000000eff00000)
  from space 33280K, 0% used [0x00000000f2000000,0x00000000f2000000,0x00000000f4080000)
  to   space 33792K, 0% used [0x00000000eff00000,0x00000000eff00000,0x00000000f2000000)
 ParOldGen       total 86528K, used 36970K [0x00000000a0000000, 0x00000000a5480000, 0x00000000e0000000)
  object space 86528K, 42% used [0x00000000a0000000,0x00000000a241a830,0x00000000a5480000)
 Metaspace       used 64596K, capacity 66272K, committed 66352K, reserved 1112064K
  class space    used 8273K, capacity 8681K, committed 8752K, reserved 1048576K

